0 info it worked if it ends with ok
1 verbose cli [ '/usr/local/Cellar/node/7.5.0/bin/node',
1 verbose cli   '/usr/local/bin/npm',
1 verbose cli   'install',
1 verbose cli   '@types/vuelayers~' ]
2 info using npm@4.1.2
3 info using node@v7.5.0
4 silly loadCurrentTree Starting
5 silly install loadCurrentTree
6 silly install readLocalPackageData
7 silly fetchPackageMetaData @types/vuelayers~
8 silly fetchOtherPackageData @types/vuelayers~
9 silly cache add args [ '@types/vuelayers~', null ]
10 verbose cache add spec @types/vuelayers~
11 silly cache add parsed spec Result {
11 silly cache add   raw: '@types/vuelayers~',
11 silly cache add   scope: null,
11 silly cache add   escapedName: null,
11 silly cache add   name: null,
11 silly cache add   rawSpec: '@types/vuelayers~',
11 silly cache add   spec: '/Users/Sandra/CNIC/空间场景相似度/project/openlayer/@types/vuelayers~',
11 silly cache add   type: 'local' }
12 error addLocal Could not install /Users/Sandra/CNIC/空间场景相似度/project/openlayer/@types/vuelayers~
13 silly fetchPackageMetaData Error: ENOENT: no such file or directory, open '/Users/Sandra/CNIC/空间场景相似度/project/openlayer/@types/vuelayers~'
13 silly fetchPackageMetaData  error for @types/vuelayers~ { Error: ENOENT: no such file or directory, open '/Users/Sandra/CNIC/空间场景相似度/project/openlayer/@types/vuelayers~'
13 silly fetchPackageMetaData   errno: -2,
13 silly fetchPackageMetaData   code: 'ENOENT',
13 silly fetchPackageMetaData   syscall: 'open',
13 silly fetchPackageMetaData   path: '/Users/Sandra/CNIC/空间场景相似度/project/openlayer/@types/vuelayers~' }
14 silly rollbackFailedOptional Starting
15 silly rollbackFailedOptional Finishing
16 silly runTopLevelLifecycles Finishing
17 silly install printInstalled
18 verbose stack Error: ENOENT: no such file or directory, open '/Users/Sandra/CNIC/空间场景相似度/project/openlayer/@types/vuelayers~'
19 verbose cwd /Users/Sandra/CNIC/空间场景相似度/project/openlayer
20 error Darwin 18.5.0
21 error argv "/usr/local/Cellar/node/7.5.0/bin/node" "/usr/local/bin/npm" "install" "@types/vuelayers~"
22 error node v7.5.0
23 error npm  v4.1.2
24 error path /Users/Sandra/CNIC/空间场景相似度/project/openlayer/@types/vuelayers~
25 error code ENOENT
26 error errno -2
27 error syscall open
28 error enoent ENOENT: no such file or directory, open '/Users/Sandra/CNIC/空间场景相似度/project/openlayer/@types/vuelayers~'
29 error enoent ENOENT: no such file or directory, open '/Users/Sandra/CNIC/空间场景相似度/project/openlayer/@types/vuelayers~'
29 error enoent This is most likely not a problem with npm itself
29 error enoent and is related to npm not being able to find a file.
30 verbose exit [ -2, true ]
